<?xml version="1.0" encoding="UTF-8" standalone="yes"?><testsuite failures="1" errors="1" hostname="Build-Server.local" name="ClassfitteriOSTests" tests="4" time="0.0" timestamp="2016-08-27T23:01:51.375-04:00"><testcase classname="ClassfitteriOSTests" name="testExample" time="0.001"/><testcase classname="ClassfitteriOSTests" name="testPerformanceExample" time="0.511"/></testsuite>