<?xml version="1.0" encoding="UTF-8" standalone="yes"?><testsuite failures="0" errors="0" hostname="Build-Server.local" name="ClassfitteriOSUITests" tests="1" time="21.0" timestamp="2016-08-27T23:02:38.363-04:00"><testcase classname="ClassfitteriOSUITests" name="testBasicNavigation" time="21.75"/></testsuite>